<?xml version="1.0" encoding="UTF-8"?>
<!-- Generated by org.testng.reporters.JUnitReportReporter -->
<testsuite hostname="DESKTOP-M48HVTV" failures="0" tests="1" name="Om.leo1_parent.MobileBrowserTest$Amazon" time="25.171" errors="0" timestamp="2023-08-14T22:28:14 IST" skipped="0">
  <testcase classname="Om.leo1_parent.MobileBrowserTest$Amazon" name="LeoMobileChrome2" time="25.171"/>
  <system-out/>
</testsuite> <!-- Om.leo1_parent.MobileBrowserTest$Amazon -->
