<?xml version="1.0" encoding="UTF-8"?>
<!-- Generated by org.testng.reporters.JUnitReportReporter -->
<testsuite hostname="DESKTOP-M48HVTV" failures="0" tests="1" name="Om.leo1_parent.FurtherOps_DBqueries" time="0.427" errors="0" timestamp="2023-10-06T17:06:17 IST" skipped="0">
  <testcase classname="Om.leo1_parent.FurtherOps_DBqueries" name="executeQuery" time="0.427"/>
  <system-out/>
</testsuite> <!-- Om.leo1_parent.FurtherOps_DBqueries -->
