<?xml version="1.0" encoding="UTF-8"?>
<!-- Generated by org.testng.reporters.JUnitReportReporter -->
<testsuite hostname="DESKTOP-M48HVTV" failures="0" tests="1" name="Om.leo1_parent.MobileBrowserTest" time="0.009" errors="0" timestamp="2023-05-21T10:19:23 IST" skipped="0">
  <testcase classname="Om.leo1_parent.MobileBrowserTest" name="Leo1MobileChrome" time="0.009"/>
  <system-out/>
</testsuite> <!-- Om.leo1_parent.MobileBrowserTest -->
