<?xml version="1.0" encoding="UTF-8"?>
<!-- Generated by org.testng.reporters.JUnitReportReporter -->
<testsuite hostname="DESKTOP-M48HVTV" failures="0" tests="1" name="Om.leo1_parent.App_test" time="32.479" errors="0" timestamp="2023-10-04T16:44:06 IST" skipped="0">
  <testcase classname="Om.leo1_parent.App_test" name="now1" time="32.479"/>
  <system-out/>
</testsuite> <!-- Om.leo1_parent.App_test -->
